<?xml version="1.0" encoding="UTF-8"?>
<testng-results ignored="0" total="1" passed="1" failed="0" skipped="0">
  <reporter-output>
  </reporter-output>
  <suite started-at="2025-03-10T22:22:00 IST" name="Default suite" finished-at="2025-03-10T22:22:15 IST" duration-ms="15200">
    <groups>
      <group name="cucumber">
        <method signature="AbstractTestNGCucumberTests.runScenario(io.cucumber.testng.PickleWrapper,io.cucumber.testng.FeatureWrapper)[pri:0, instance:Runner.AuthenticationrunnerTestCase@71075444]" name="runScenario" class="io.cucumber.testng.AbstractTestNGCucumberTests"/>
      </group> <!-- cucumber -->
    </groups>
    <test started-at="2025-03-10T22:22:00 IST" name="Default test" finished-at="2025-03-10T22:22:15 IST" duration-ms="15200">
      <class name="Runner.AuthenticationrunnerTestCase">
        <test-method is-config="true" signature="setUpClass(org.testng.ITestContext)[pri:0, instance:Runner.AuthenticationrunnerTestCase@71075444]" started-at="2025-03-10T22:22:00 IST" name="setUpClass" finished-at="2025-03-10T22:22:01 IST" duration-ms="469" status="PASS">
          <params>
            <param index="0">
              <value>
                <![CDATA[org.testng.TestRunner@6b357eb6]]>
              </value>
            </param>
          </params>
          <reporter-output>
          </reporter-output>
        </test-method> <!-- setUpClass -->
        <test-method signature="runScenario(io.cucumber.testng.PickleWrapper,io.cucumber.testng.FeatureWrapper)[pri:0, instance:Runner.AuthenticationrunnerTestCase@71075444]" started-at="2025-03-10T22:22:01 IST" name="runScenario" description="Runs Cucumber Scenarios" data-provider="scenarios" finished-at="2025-03-10T22:22:15 IST" duration-ms="14340" status="PASS">
          <params>
            <param index="0">
              <value>
                <![CDATA["Create a new Rediff account from the Sign-In page"]]>
              </value>
            </param>
            <param index="1">
              <value>
                <![CDATA["Rediff Account Creation"]]>
              </value>
            </param>
          </params>
          <reporter-output>
          </reporter-output>
        </test-method> <!-- runScenario -->
        <test-method is-config="true" signature="tearDownClass()[pri:0, instance:Runner.AuthenticationrunnerTestCase@71075444]" started-at="2025-03-10T22:22:15 IST" name="tearDownClass" finished-at="2025-03-10T22:22:15 IST" duration-ms="124" status="PASS">
          <reporter-output>
          </reporter-output>
        </test-method> <!-- tearDownClass -->
      </class> <!-- Runner.AuthenticationrunnerTestCase -->
    </test> <!-- Default test -->
  </suite> <!-- Default suite -->
</testng-results>
